core   0: 0x00001000 (0x00000297) auipc   t0, 0x0
core   0: 0x00001004 (0x02028593) addi    a1, t0, 32
core   0: 0x00001008 (0xf1402573) csrr    a0, mhartid
core   0: 0x0000100c (0x0182a283) lw      t0, 24(t0)
core   0: 0x00001010 (0x00028067) jr      t0
core   0: 0x80000000 (0x00090117) auipc   sp, 0x90
core   0: 0x80000004 (0x00010113) mv      sp, sp
core   0: 0x80000008 (0x00012083) lw      ra, 0(sp)
core   0: 0x8000000c (0x00412183) lw      gp, 4(sp)
core   0: 0x80000010 (0x00812203) lw      tp, 8(sp)
core   0: 0x80000014 (0x00c12283) lw      t0, 12(sp)
core   0: 0x80000018 (0x01012303) lw      t1, 16(sp)
core   0: 0x8000001c (0x01412383) lw      t2, 20(sp)
core   0: 0x80000020 (0x01812403) lw      s0, 24(sp)
core   0: 0x80000024 (0x01c12483) lw      s1, 28(sp)
core   0: 0x80000028 (0x02012503) lw      a0, 32(sp)
core   0: 0x8000002c (0x02412583) lw      a1, 36(sp)
core   0: 0x80000030 (0x02812603) lw      a2, 40(sp)
core   0: 0x80000034 (0x02c12683) lw      a3, 44(sp)
core   0: 0x80000038 (0x03012703) lw      a4, 48(sp)
core   0: 0x8000003c (0x03412783) lw      a5, 52(sp)
core   0: 0x80000040 (0x03812803) lw      a6, 56(sp)
core   0: 0x80000044 (0x03c12883) lw      a7, 60(sp)
core   0: 0x80000048 (0x04012903) lw      s2, 64(sp)
core   0: 0x8000004c (0x04412983) lw      s3, 68(sp)
core   0: 0x80000050 (0x04812a03) lw      s4, 72(sp)
core   0: 0x80000054 (0x04c12a83) lw      s5, 76(sp)
core   0: 0x80000058 (0x05012b03) lw      s6, 80(sp)
core   0: 0x8000005c (0x05412b83) lw      s7, 84(sp)
core   0: 0x80000060 (0x05812c03) lw      s8, 88(sp)
core   0: 0x80000064 (0x05c12c83) lw      s9, 92(sp)
core   0: 0x80000068 (0x06012d03) lw      s10, 96(sp)
core   0: 0x8000006c (0x06412d83) lw      s11, 100(sp)
core   0: 0x80000070 (0x06812e03) lw      t3, 104(sp)
core   0: 0x80000074 (0x06c12e83) lw      t4, 108(sp)
core   0: 0x80000078 (0x07012f03) lw      t5, 112(sp)
core   0: 0x8000007c (0x07412f83) lw      t6, 116(sp)
core   0: 0x80000080 (0x0001e2b7) lui     t0, 0x1e
core   0: 0x80000084 (0x3002a073) csrs    mstatus, t0
core   0: 0x80000088 (0x00100293) li      t0, 1
core   0: 0x8000008c (0x01f29293) slli    t0, t0, 31
core   0: 0x80000090 (0x0002ca63) bltz    t0, pc + 20
core   0: 0x800000a4 (0x00000297) auipc   t0, 0x0
core   0: 0x800000a8 (0x09c28293) addi    t0, t0, 156
core   0: 0x800000ac (0x30529073) csrw    mtvec, t0
core   0: 0x800000b0 (0x00301073) csrw    fcsr, zero
core   0: exception trap_illegal_instruction, epc 0x800000b0
core   0:           tval 0x00301073
core   0: 0x80000140 (0x00000297) auipc   t0, 0x0
core   0: 0x80000144 (0x03c28293) addi    t0, t0, 60
core   0: 0x80000148 (0x30529073) csrw    mtvec, t0
core   0: 0x8000014c (0x00101217) auipc   tp, 0x101
core   0: 0x80000150 (0x9cc20213) addi    tp, tp, -1588
core   0: 0x80000154 (0xfc027213) andi    tp, tp, -64
core   0: 0x80000158 (0xf1402573) csrr    a0, mhartid
core   0: 0x8000015c (0x00100593) li      a1, 1
core   0: 0x80000160 (0x00b57063) bgeu    a0, a1, pc + 0
core   0: 0x80000164 (0x01151613) slli    a2, a0, 17
core   0: 0x80000168 (0x00c20233) add     tp, tp, a2
core   0: 0x8000016c (0x00150113) addi    sp, a0, 1
core   0: 0x80000170 (0x01111113) slli    sp, sp, 17
core   0: 0x80000174 (0x00410133) add     sp, sp, tp
core   0: 0x80000178 (0x3d80006f) j       pc + 0x3d8
core   0: 0x80000550 (0x00000033) add     zero, zero, zero
core   0: 0x80000554 (0x00000297) auipc   t0, 0x0
core   0: 0x80000558 (0xeac28293) addi    t0, t0, -340
core   0: 0x8000055c (0x30529073) csrw    mtvec, t0
core   0: 0x80000560 (0x00090117) auipc   sp, 0x90
core   0: 0x80000564 (0xaa010113) addi    sp, sp, -1376
core   0: 0x80000568 (0x00004337) lui     t1, 0x4
core   0: 0x8000056c (0x6d030313) addi    t1, t1, 1744
core   0: 0x80000570 (0x00610133) add     sp, sp, t1
core   0: 0x80000574 (0x00a00c93) li      s9, 10
core   0: 0x80000578 (0x845154fb) unknown
core   0: exception trap_illegal_instruction, epc 0x80000578
core   0:           tval 0x845154fb
core   0: >>>>  custom_trap_handler
core   0: 0x80000400 (0xf6010113) addi    sp, sp, -160
core   0: 0x80000404 (0x00112223) sw      ra, 4(sp)
core   0: 0x80000408 (0x00312623) sw      gp, 12(sp)
core   0: 0x8000040c (0x00412823) sw      tp, 16(sp)
core   0: 0x80000410 (0x00512a23) sw      t0, 20(sp)
core   0: 0x80000414 (0x00612c23) sw      t1, 24(sp)
core   0: 0x80000418 (0x00712e23) sw      t2, 28(sp)
core   0: 0x8000041c (0x02812023) sw      s0, 32(sp)
core   0: 0x80000420 (0x02912223) sw      s1, 36(sp)
core   0: 0x80000424 (0x02a12423) sw      a0, 40(sp)
core   0: 0x80000428 (0x02b12623) sw      a1, 44(sp)
core   0: 0x8000042c (0x02c12823) sw      a2, 48(sp)
core   0: 0x80000430 (0x02d12a23) sw      a3, 52(sp)
core   0: 0x80000434 (0x02e12c23) sw      a4, 56(sp)
core   0: 0x80000438 (0x02f12e23) sw      a5, 60(sp)
core   0: 0x8000043c (0x05012023) sw      a6, 64(sp)
core   0: 0x80000440 (0x05112223) sw      a7, 68(sp)
core   0: 0x80000444 (0x05212423) sw      s2, 72(sp)
core   0: 0x80000448 (0x05312623) sw      s3, 76(sp)
core   0: 0x8000044c (0x05412823) sw      s4, 80(sp)
core   0: 0x80000450 (0x05512a23) sw      s5, 84(sp)
core   0: 0x80000454 (0x05612c23) sw      s6, 88(sp)
core   0: 0x80000458 (0x05712e23) sw      s7, 92(sp)
core   0: 0x8000045c (0x07812023) sw      s8, 96(sp)
core   0: 0x80000460 (0x07912223) sw      s9, 100(sp)
core   0: 0x80000464 (0x07a12423) sw      s10, 104(sp)
core   0: 0x80000468 (0x07b12623) sw      s11, 108(sp)
core   0: 0x8000046c (0x07c12823) sw      t3, 112(sp)
core   0: 0x80000470 (0x07d12a23) sw      t4, 116(sp)
core   0: 0x80000474 (0x07e12c23) sw      t5, 120(sp)
core   0: 0x80000478 (0x07f12e23) sw      t6, 124(sp)
core   0: 0x8000047c (0x30002573) csrr    a0, mstatus
core   0: 0x80000480 (0x34102573) csrr    a0, mepc
core   0: 0x80000484 (0x30502573) csrr    a0, mtvec
core   0: 0x80000488 (0x34202573) csrr    a0, mcause
core   0: 0x8000048c (0x00000613) li      a2, 0
core   0: 0x80000490 (0x00c50863) beq     a0, a2, pc + 16
core   0: 0x80000494 (0x00100613) li      a2, 1
core   0: 0x80000498 (0x00c50463) beq     a0, a2, pc + 8
core   0: 0x8000049c (0x341025f3) csrr    a1, mepc
core   0: 0x800004a0 (0x00059603) lh      a2, 0(a1)
core   0: 0x800004a4 (0x00367613) andi    a2, a2, 3
core   0: 0x800004a8 (0x00300293) li      t0, 3
core   0: 0x800004ac (0x00561663) bne     a2, t0, pc + 12
core   0: 0x800004b0 (0x00458593) addi    a1, a1, 4
core   0: 0x800004b4 (0x00000463) beqz    zero, pc + 8
core   0: 0x800004bc (0x34159073) csrw    mepc, a1
core   0: 0x800004c0 (0x00412083) lw      ra, 4(sp)
core   0: 0x800004c4 (0x00c12183) lw      gp, 12(sp)
core   0: 0x800004c8 (0x01012203) lw      tp, 16(sp)
core   0: 0x800004cc (0x01412283) lw      t0, 20(sp)
core   0: 0x800004d0 (0x01812303) lw      t1, 24(sp)
core   0: 0x800004d4 (0x01c12383) lw      t2, 28(sp)
core   0: 0x800004d8 (0x02012403) lw      s0, 32(sp)
core   0: 0x800004dc (0x02412483) lw      s1, 36(sp)
core   0: 0x800004e0 (0x02812503) lw      a0, 40(sp)
core   0: 0x800004e4 (0x02c12583) lw      a1, 44(sp)
core   0: 0x800004e8 (0x03012603) lw      a2, 48(sp)
core   0: 0x800004ec (0x03412683) lw      a3, 52(sp)
core   0: 0x800004f0 (0x03812703) lw      a4, 56(sp)
core   0: 0x800004f4 (0x03c12783) lw      a5, 60(sp)
core   0: 0x800004f8 (0x04012803) lw      a6, 64(sp)
core   0: 0x800004fc (0x04412883) lw      a7, 68(sp)
core   0: 0x80000500 (0x04812903) lw      s2, 72(sp)
core   0: 0x80000504 (0x04c12983) lw      s3, 76(sp)
core   0: 0x80000508 (0x05012a03) lw      s4, 80(sp)
core   0: 0x8000050c (0x05412a83) lw      s5, 84(sp)
core   0: 0x80000510 (0x05812b03) lw      s6, 88(sp)
core   0: 0x80000514 (0x05c12b83) lw      s7, 92(sp)
core   0: 0x80000518 (0x06012c03) lw      s8, 96(sp)
core   0: 0x8000051c (0x06412c83) lw      s9, 100(sp)
core   0: 0x80000520 (0x06812d03) lw      s10, 104(sp)
core   0: 0x80000524 (0x06c12d83) lw      s11, 108(sp)
core   0: 0x80000528 (0x07012e03) lw      t3, 112(sp)
core   0: 0x8000052c (0x07412e83) lw      t4, 116(sp)
core   0: 0x80000530 (0x07812f03) lw      t5, 120(sp)
core   0: 0x80000534 (0x07c12f83) lw      t6, 124(sp)
core   0: 0x80000538 (0x0a010113) addi    sp, sp, 160
core   0: 0x8000053c (0x30200073) mret
core   0: >>>>  i0000000002
core   0: 0x8000057c (0x0000100f) fence.i
core   0: 0x80000580 (0x0ff0000f) fence   iorw,iorw
core   0: 0x80000584 (0x00090117) auipc   sp, 0x90
core   0: 0x80000588 (0xa7c10113) addi    sp, sp, -1412
core   0: 0x8000058c (0x00006337) lui     t1, 0x6
core   0: 0x80000590 (0x2c830313) addi    t1, t1, 712
core   0: 0x80000594 (0x00610133) add     sp, sp, t1
core   0: 0x80000598 (0xd1112423) sw      a7, -760(sp)
core   0: 0x8000059c (0xb7112e23) sw      a7, -1156(sp)
core   0: 0x800005a0 (0xbda15e03) lhu     t3, -1062(sp)
core   0: 0x800005a4 (0xb9ef8bab) unknown
core   0: exception trap_illegal_instruction, epc 0x800005a4
core   0:           tval 0xb9ef8bab
core   0: >>>>  custom_trap_handler
core   0: 0x80000400 (0xf6010113) addi    sp, sp, -160
core   0: 0x80000404 (0x00112223) sw      ra, 4(sp)
core   0: 0x80000408 (0x00312623) sw      gp, 12(sp)
core   0: 0x8000040c (0x00412823) sw      tp, 16(sp)
core   0: 0x80000410 (0x00512a23) sw      t0, 20(sp)
core   0: 0x80000414 (0x00612c23) sw      t1, 24(sp)
core   0: 0x80000418 (0x00712e23) sw      t2, 28(sp)
core   0: 0x8000041c (0x02812023) sw      s0, 32(sp)
core   0: 0x80000420 (0x02912223) sw      s1, 36(sp)
core   0: 0x80000424 (0x02a12423) sw      a0, 40(sp)
core   0: 0x80000428 (0x02b12623) sw      a1, 44(sp)
core   0: 0x8000042c (0x02c12823) sw      a2, 48(sp)
core   0: 0x80000430 (0x02d12a23) sw      a3, 52(sp)
core   0: 0x80000434 (0x02e12c23) sw      a4, 56(sp)
core   0: 0x80000438 (0x02f12e23) sw      a5, 60(sp)
core   0: 0x8000043c (0x05012023) sw      a6, 64(sp)
core   0: 0x80000440 (0x05112223) sw      a7, 68(sp)
core   0: 0x80000444 (0x05212423) sw      s2, 72(sp)
core   0: 0x80000448 (0x05312623) sw      s3, 76(sp)
core   0: 0x8000044c (0x05412823) sw      s4, 80(sp)
core   0: 0x80000450 (0x05512a23) sw      s5, 84(sp)
core   0: 0x80000454 (0x05612c23) sw      s6, 88(sp)
core   0: 0x80000458 (0x05712e23) sw      s7, 92(sp)
core   0: 0x8000045c (0x07812023) sw      s8, 96(sp)
core   0: 0x80000460 (0x07912223) sw      s9, 100(sp)
core   0: 0x80000464 (0x07a12423) sw      s10, 104(sp)
core   0: 0x80000468 (0x07b12623) sw      s11, 108(sp)
core   0: 0x8000046c (0x07c12823) sw      t3, 112(sp)
core   0: 0x80000470 (0x07d12a23) sw      t4, 116(sp)
core   0: 0x80000474 (0x07e12c23) sw      t5, 120(sp)
core   0: 0x80000478 (0x07f12e23) sw      t6, 124(sp)
core   0: 0x8000047c (0x30002573) csrr    a0, mstatus
core   0: 0x80000480 (0x34102573) csrr    a0, mepc
core   0: 0x80000484 (0x30502573) csrr    a0, mtvec
core   0: 0x80000488 (0x34202573) csrr    a0, mcause
core   0: 0x8000048c (0x00000613) li      a2, 0
core   0: 0x80000490 (0x00c50863) beq     a0, a2, pc + 16
core   0: 0x80000494 (0x00100613) li      a2, 1
core   0: 0x80000498 (0x00c50463) beq     a0, a2, pc + 8
core   0: 0x8000049c (0x341025f3) csrr    a1, mepc
core   0: 0x800004a0 (0x00059603) lh      a2, 0(a1)
core   0: 0x800004a4 (0x00367613) andi    a2, a2, 3
core   0: 0x800004a8 (0x00300293) li      t0, 3
core   0: 0x800004ac (0x00561663) bne     a2, t0, pc + 12
core   0: 0x800004b0 (0x00458593) addi    a1, a1, 4
core   0: 0x800004b4 (0x00000463) beqz    zero, pc + 8
core   0: 0x800004bc (0x34159073) csrw    mepc, a1
core   0: 0x800004c0 (0x00412083) lw      ra, 4(sp)
core   0: 0x800004c4 (0x00c12183) lw      gp, 12(sp)
core   0: 0x800004c8 (0x01012203) lw      tp, 16(sp)
core   0: 0x800004cc (0x01412283) lw      t0, 20(sp)
core   0: 0x800004d0 (0x01812303) lw      t1, 24(sp)
core   0: 0x800004d4 (0x01c12383) lw      t2, 28(sp)
core   0: 0x800004d8 (0x02012403) lw      s0, 32(sp)
core   0: 0x800004dc (0x02412483) lw      s1, 36(sp)
core   0: 0x800004e0 (0x02812503) lw      a0, 40(sp)
core   0: 0x800004e4 (0x02c12583) lw      a1, 44(sp)
core   0: 0x800004e8 (0x03012603) lw      a2, 48(sp)
core   0: 0x800004ec (0x03412683) lw      a3, 52(sp)
core   0: 0x800004f0 (0x03812703) lw      a4, 56(sp)
core   0: 0x800004f4 (0x03c12783) lw      a5, 60(sp)
core   0: 0x800004f8 (0x04012803) lw      a6, 64(sp)
core   0: 0x800004fc (0x04412883) lw      a7, 68(sp)
core   0: 0x80000500 (0x04812903) lw      s2, 72(sp)
core   0: 0x80000504 (0x04c12983) lw      s3, 76(sp)
core   0: 0x80000508 (0x05012a03) lw      s4, 80(sp)
core   0: 0x8000050c (0x05412a83) lw      s5, 84(sp)
core   0: 0x80000510 (0x05812b03) lw      s6, 88(sp)
core   0: 0x80000514 (0x05c12b83) lw      s7, 92(sp)
core   0: 0x80000518 (0x06012c03) lw      s8, 96(sp)
core   0: 0x8000051c (0x06412c83) lw      s9, 100(sp)
core   0: 0x80000520 (0x06812d03) lw      s10, 104(sp)
core   0: 0x80000524 (0x06c12d83) lw      s11, 108(sp)
core   0: 0x80000528 (0x07012e03) lw      t3, 112(sp)
core   0: 0x8000052c (0x07412e83) lw      t4, 116(sp)
core   0: 0x80000530 (0x07812f03) lw      t5, 120(sp)
core   0: 0x80000534 (0x07c12f83) lw      t6, 124(sp)
core   0: 0x80000538 (0x0a010113) addi    sp, sp, 160
core   0: 0x8000053c (0x30200073) mret
core   0: >>>>  i0000000008
core   0: 0x800005a8 (0xe41e73eb) unknown
core   0: exception trap_illegal_instruction, epc 0x800005a8
core   0:           tval 0xe41e73eb
core   0: >>>>  custom_trap_handler
core   0: 0x80000400 (0xf6010113) addi    sp, sp, -160
core   0: 0x80000404 (0x00112223) sw      ra, 4(sp)
core   0: 0x80000408 (0x00312623) sw      gp, 12(sp)
core   0: 0x8000040c (0x00412823) sw      tp, 16(sp)
core   0: 0x80000410 (0x00512a23) sw      t0, 20(sp)
core   0: 0x80000414 (0x00612c23) sw      t1, 24(sp)
core   0: 0x80000418 (0x00712e23) sw      t2, 28(sp)
core   0: 0x8000041c (0x02812023) sw      s0, 32(sp)
core   0: 0x80000420 (0x02912223) sw      s1, 36(sp)
core   0: 0x80000424 (0x02a12423) sw      a0, 40(sp)
core   0: 0x80000428 (0x02b12623) sw      a1, 44(sp)
core   0: 0x8000042c (0x02c12823) sw      a2, 48(sp)
core   0: 0x80000430 (0x02d12a23) sw      a3, 52(sp)
core   0: 0x80000434 (0x02e12c23) sw      a4, 56(sp)
core   0: 0x80000438 (0x02f12e23) sw      a5, 60(sp)
core   0: 0x8000043c (0x05012023) sw      a6, 64(sp)
core   0: 0x80000440 (0x05112223) sw      a7, 68(sp)
core   0: 0x80000444 (0x05212423) sw      s2, 72(sp)
core   0: 0x80000448 (0x05312623) sw      s3, 76(sp)
core   0: 0x8000044c (0x05412823) sw      s4, 80(sp)
core   0: 0x80000450 (0x05512a23) sw      s5, 84(sp)
core   0: 0x80000454 (0x05612c23) sw      s6, 88(sp)
core   0: 0x80000458 (0x05712e23) sw      s7, 92(sp)
core   0: 0x8000045c (0x07812023) sw      s8, 96(sp)
core   0: 0x80000460 (0x07912223) sw      s9, 100(sp)
core   0: 0x80000464 (0x07a12423) sw      s10, 104(sp)
core   0: 0x80000468 (0x07b12623) sw      s11, 108(sp)
core   0: 0x8000046c (0x07c12823) sw      t3, 112(sp)
core   0: 0x80000470 (0x07d12a23) sw      t4, 116(sp)
core   0: 0x80000474 (0x07e12c23) sw      t5, 120(sp)
core   0: 0x80000478 (0x07f12e23) sw      t6, 124(sp)
core   0: 0x8000047c (0x30002573) csrr    a0, mstatus
core   0: 0x80000480 (0x34102573) csrr    a0, mepc
core   0: 0x80000484 (0x30502573) csrr    a0, mtvec
core   0: 0x80000488 (0x34202573) csrr    a0, mcause
core   0: 0x8000048c (0x00000613) li      a2, 0
core   0: 0x80000490 (0x00c50863) beq     a0, a2, pc + 16
core   0: 0x80000494 (0x00100613) li      a2, 1
core   0: 0x80000498 (0x00c50463) beq     a0, a2, pc + 8
core   0: 0x8000049c (0x341025f3) csrr    a1, mepc
core   0: 0x800004a0 (0x00059603) lh      a2, 0(a1)
core   0: 0x800004a4 (0x00367613) andi    a2, a2, 3
core   0: 0x800004a8 (0x00300293) li      t0, 3
core   0: 0x800004ac (0x00561663) bne     a2, t0, pc + 12
core   0: 0x800004b0 (0x00458593) addi    a1, a1, 4
core   0: 0x800004b4 (0x00000463) beqz    zero, pc + 8
core   0: 0x800004bc (0x34159073) csrw    mepc, a1
core   0: 0x800004c0 (0x00412083) lw      ra, 4(sp)
core   0: 0x800004c4 (0x00c12183) lw      gp, 12(sp)
core   0: 0x800004c8 (0x01012203) lw      tp, 16(sp)
core   0: 0x800004cc (0x01412283) lw      t0, 20(sp)
core   0: 0x800004d0 (0x01812303) lw      t1, 24(sp)
core   0: 0x800004d4 (0x01c12383) lw      t2, 28(sp)
core   0: 0x800004d8 (0x02012403) lw      s0, 32(sp)
core   0: 0x800004dc (0x02412483) lw      s1, 36(sp)
core   0: 0x800004e0 (0x02812503) lw      a0, 40(sp)
core   0: 0x800004e4 (0x02c12583) lw      a1, 44(sp)
core   0: 0x800004e8 (0x03012603) lw      a2, 48(sp)
core   0: 0x800004ec (0x03412683) lw      a3, 52(sp)
core   0: 0x800004f0 (0x03812703) lw      a4, 56(sp)
core   0: 0x800004f4 (0x03c12783) lw      a5, 60(sp)
core   0: 0x800004f8 (0x04012803) lw      a6, 64(sp)
core   0: 0x800004fc (0x04412883) lw      a7, 68(sp)
core   0: 0x80000500 (0x04812903) lw      s2, 72(sp)
core   0: 0x80000504 (0x04c12983) lw      s3, 76(sp)
core   0: 0x80000508 (0x05012a03) lw      s4, 80(sp)
core   0: 0x8000050c (0x05412a83) lw      s5, 84(sp)
core   0: 0x80000510 (0x05812b03) lw      s6, 88(sp)
core   0: 0x80000514 (0x05c12b83) lw      s7, 92(sp)
core   0: 0x80000518 (0x06012c03) lw      s8, 96(sp)
core   0: 0x8000051c (0x06412c83) lw      s9, 100(sp)
core   0: 0x80000520 (0x06812d03) lw      s10, 104(sp)
core   0: 0x80000524 (0x06c12d83) lw      s11, 108(sp)
core   0: 0x80000528 (0x07012e03) lw      t3, 112(sp)
core   0: 0x8000052c (0x07412e83) lw      t4, 116(sp)
core   0: 0x80000530 (0x07812f03) lw      t5, 120(sp)
core   0: 0x80000534 (0x07c12f83) lw      t6, 124(sp)
core   0: 0x80000538 (0x0a010113) addi    sp, sp, 160
core   0: 0x8000053c (0x30200073) mret
core   0: >>>>  i0000000009
core   0: 0x800005ac (0x01ae0fb3) add     t6, t3, s10
core   0: 0x800005b0 (0x008a38b3) sltu    a7, s4, s0
core   0: 0x800005b4 (0x0000100f) fence.i
core   0: 0x800005b8 (0x0ff0000f) fence   iorw,iorw
core   0: 0x800005bc (0x00c2d713) srli    a4, t0, 12
core   0: 0x800005c0 (0x5e912bab) unknown
core   0: exception trap_illegal_instruction, epc 0x800005c0
core   0:           tval 0x5e912bab
core   0: >>>>  custom_trap_handler
core   0: 0x80000400 (0xf6010113) addi    sp, sp, -160
core   0: 0x80000404 (0x00112223) sw      ra, 4(sp)
core   0: 0x80000408 (0x00312623) sw      gp, 12(sp)
core   0: 0x8000040c (0x00412823) sw      tp, 16(sp)
core   0: 0x80000410 (0x00512a23) sw      t0, 20(sp)
core   0: 0x80000414 (0x00612c23) sw      t1, 24(sp)
core   0: 0x80000418 (0x00712e23) sw      t2, 28(sp)
core   0: 0x8000041c (0x02812023) sw      s0, 32(sp)
core   0: 0x80000420 (0x02912223) sw      s1, 36(sp)
core   0: 0x80000424 (0x02a12423) sw      a0, 40(sp)
core   0: 0x80000428 (0x02b12623) sw      a1, 44(sp)
core   0: 0x8000042c (0x02c12823) sw      a2, 48(sp)
core   0: 0x80000430 (0x02d12a23) sw      a3, 52(sp)
core   0: 0x80000434 (0x02e12c23) sw      a4, 56(sp)
core   0: 0x80000438 (0x02f12e23) sw      a5, 60(sp)
core   0: 0x8000043c (0x05012023) sw      a6, 64(sp)
core   0: 0x80000440 (0x05112223) sw      a7, 68(sp)
core   0: 0x80000444 (0x05212423) sw      s2, 72(sp)
core   0: 0x80000448 (0x05312623) sw      s3, 76(sp)
core   0: 0x8000044c (0x05412823) sw      s4, 80(sp)
core   0: 0x80000450 (0x05512a23) sw      s5, 84(sp)
core   0: 0x80000454 (0x05612c23) sw      s6, 88(sp)
core   0: 0x80000458 (0x05712e23) sw      s7, 92(sp)
core   0: 0x8000045c (0x07812023) sw      s8, 96(sp)
core   0: 0x80000460 (0x07912223) sw      s9, 100(sp)
core   0: 0x80000464 (0x07a12423) sw      s10, 104(sp)
core   0: 0x80000468 (0x07b12623) sw      s11, 108(sp)
core   0: 0x8000046c (0x07c12823) sw      t3, 112(sp)
core   0: 0x80000470 (0x07d12a23) sw      t4, 116(sp)
core   0: 0x80000474 (0x07e12c23) sw      t5, 120(sp)
core   0: 0x80000478 (0x07f12e23) sw      t6, 124(sp)
core   0: 0x8000047c (0x30002573) csrr    a0, mstatus
core   0: 0x80000480 (0x34102573) csrr    a0, mepc
core   0: 0x80000484 (0x30502573) csrr    a0, mtvec
core   0: 0x80000488 (0x34202573) csrr    a0, mcause
core   0: 0x8000048c (0x00000613) li      a2, 0
core   0: 0x80000490 (0x00c50863) beq     a0, a2, pc + 16
core   0: 0x80000494 (0x00100613) li      a2, 1
core   0: 0x80000498 (0x00c50463) beq     a0, a2, pc + 8
core   0: 0x8000049c (0x341025f3) csrr    a1, mepc
core   0: 0x800004a0 (0x00059603) lh      a2, 0(a1)
core   0: 0x800004a4 (0x00367613) andi    a2, a2, 3
core   0: 0x800004a8 (0x00300293) li      t0, 3
core   0: 0x800004ac (0x00561663) bne     a2, t0, pc + 12
core   0: 0x800004b0 (0x00458593) addi    a1, a1, 4
core   0: 0x800004b4 (0x00000463) beqz    zero, pc + 8
core   0: 0x800004bc (0x34159073) csrw    mepc, a1
core   0: 0x800004c0 (0x00412083) lw      ra, 4(sp)
core   0: 0x800004c4 (0x00c12183) lw      gp, 12(sp)
core   0: 0x800004c8 (0x01012203) lw      tp, 16(sp)
core   0: 0x800004cc (0x01412283) lw      t0, 20(sp)
core   0: 0x800004d0 (0x01812303) lw      t1, 24(sp)
core   0: 0x800004d4 (0x01c12383) lw      t2, 28(sp)
core   0: 0x800004d8 (0x02012403) lw      s0, 32(sp)
core   0: 0x800004dc (0x02412483) lw      s1, 36(sp)
core   0: 0x800004e0 (0x02812503) lw      a0, 40(sp)
core   0: 0x800004e4 (0x02c12583) lw      a1, 44(sp)
core   0: 0x800004e8 (0x03012603) lw      a2, 48(sp)
core   0: 0x800004ec (0x03412683) lw      a3, 52(sp)
core   0: 0x800004f0 (0x03812703) lw      a4, 56(sp)
core   0: 0x800004f4 (0x03c12783) lw      a5, 60(sp)
core   0: 0x800004f8 (0x04012803) lw      a6, 64(sp)
core   0: 0x800004fc (0x04412883) lw      a7, 68(sp)
core   0: 0x80000500 (0x04812903) lw      s2, 72(sp)
core   0: 0x80000504 (0x04c12983) lw      s3, 76(sp)
core   0: 0x80000508 (0x05012a03) lw      s4, 80(sp)
core   0: 0x8000050c (0x05412a83) lw      s5, 84(sp)
core   0: 0x80000510 (0x05812b03) lw      s6, 88(sp)
core   0: 0x80000514 (0x05c12b83) lw      s7, 92(sp)
core   0: 0x80000518 (0x06012c03) lw      s8, 96(sp)
core   0: 0x8000051c (0x06412c83) lw      s9, 100(sp)
core   0: 0x80000520 (0x06812d03) lw      s10, 104(sp)
core   0: 0x80000524 (0x06c12d83) lw      s11, 108(sp)
core   0: 0x80000528 (0x07012e03) lw      t3, 112(sp)
core   0: 0x8000052c (0x07412e83) lw      t4, 116(sp)
core   0: 0x80000530 (0x07812f03) lw      t5, 120(sp)
core   0: 0x80000534 (0x07c12f83) lw      t6, 124(sp)
core   0: 0x80000538 (0x0a010113) addi    sp, sp, 160
core   0: 0x8000053c (0x30200073) mret
core   0: >>>>  i000000000f
core   0: 0x800005c4 (0x008593b3) sll     t2, a1, s0
core   0: 0x800005c8 (0x00090117) auipc   sp, 0x90
core   0: 0x800005cc (0xa3810113) addi    sp, sp, -1480
core   0: 0x800005d0 (0x0000b337) lui     t1, 0xb
core   0: 0x800005d4 (0x5d030313) addi    t1, t1, 1488
core   0: 0x800005d8 (0x00610133) add     sp, sp, t1
core   0: 0x800005dc (0x73e14783) lbu     a5, 1854(sp)
core   0: 0x800005e0 (0x00c817b3) sll     a5, a6, a2
core   0: 0x800005e4 (0x60337817) auipc   a6, 0x60337
core   0: 0x800005e8 (0x1a9b7493) andi    s1, s6, 425
core   0: 0x800005ec (0x009732b3) sltu    t0, a4, s1
core   0: 0x800005f0 (0x98f10803) lb      a6, -1649(sp)
core   0: 0x800005f4 (0x9c911123) sh      s1, -1598(sp)
core   0: 0x800005f8 (0x0ff0000f) fence   iorw,iorw
core   0: 0x800005fc (0x0ff0000f) fence   iorw,iorw
core   0: 0x80000600 (0x0ff0000f) fence   iorw,iorw
core   0: 0x80000604 (0x02911423) sh      s1, 40(sp)
core   0: 0x80000608 (0x0ff0000f) fence   iorw,iorw
core   0: 0x8000060c (0x3af11623) sh      a5, 940(sp)
core   0: 0x80000610 (0x00b00d13) li      s10, 11
core   0: 0x80000614 (0x00a00c93) li      s9, 10
core   0: 0x80000618 (0x00090117) auipc   sp, 0x90
core   0: 0x8000061c (0x9e810113) addi    sp, sp, -1560
core   0: 0x80000620 (0x00005337) lui     t1, 0x5
core   0: 0x80000624 (0x76030313) addi    t1, t1, 1888
core   0: 0x80000628 (0x00610133) add     sp, sp, t1
core   0: 0x8000062c (0x0ff0000f) fence   iorw,iorw
core   0: 0x80000630 (0xe9c101a3) sb      t3, -381(sp)
core   0: 0x80000634 (0x400ad4b3) sra     s1, s5, zero
core   0: 0x80000638 (0x0ff0000f) fence   iorw,iorw
core   0: 0x8000063c (0x0ff0000f) fence   iorw,iorw
core   0: 0x80000640 (0x0ff0000f) fence   iorw,iorw
core   0: 0x80000644 (0x85110d23) sb      a7, -1958(sp)
core   0: 0x80000648 (0x00000033) add     zero, zero, zero
core   0: 0x8000064c (0x0dac9c63) bne     s9, s10, pc + 216
core   0: 0x80000724 (0xed3102a3) sb      s3, -315(sp)
core   0: 0x80000728 (0x17012023) sw      a6, 352(sp)
core   0: 0x8000072c (0xd9615a03) lhu     s4, -618(sp)
core   0: 0x80000730 (0x00090117) auipc   sp, 0x90
core   0: 0x80000734 (0x8d010113) addi    sp, sp, -1840
core   0: 0x80000738 (0x00003337) lui     t1, 0x3
core   0: 0x8000073c (0x7e830313) addi    t1, t1, 2024
core   0: 0x80000740 (0x00610133) add     sp, sp, t1
core   0: 0x80000744 (0xfbe11723) sh      t5, -82(sp)
core   0: 0x80000748 (0x15012423) sw      a6, 328(sp)
core   0: 0x8000074c (0xe41e73eb) unknown
core   0: exception trap_illegal_instruction, epc 0x8000074c
core   0:           tval 0xe41e73eb
core   0: >>>>  custom_trap_handler
core   0: 0x80000400 (0xf6010113) addi    sp, sp, -160
core   0: 0x80000404 (0x00112223) sw      ra, 4(sp)
core   0: 0x80000408 (0x00312623) sw      gp, 12(sp)
core   0: 0x8000040c (0x00412823) sw      tp, 16(sp)
core   0: 0x80000410 (0x00512a23) sw      t0, 20(sp)
core   0: 0x80000414 (0x00612c23) sw      t1, 24(sp)
core   0: 0x80000418 (0x00712e23) sw      t2, 28(sp)
core   0: 0x8000041c (0x02812023) sw      s0, 32(sp)
core   0: 0x80000420 (0x02912223) sw      s1, 36(sp)
core   0: 0x80000424 (0x02a12423) sw      a0, 40(sp)
core   0: 0x80000428 (0x02b12623) sw      a1, 44(sp)
core   0: 0x8000042c (0x02c12823) sw      a2, 48(sp)
core   0: 0x80000430 (0x02d12a23) sw      a3, 52(sp)
core   0: 0x80000434 (0x02e12c23) sw      a4, 56(sp)
core   0: 0x80000438 (0x02f12e23) sw      a5, 60(sp)
core   0: 0x8000043c (0x05012023) sw      a6, 64(sp)
core   0: 0x80000440 (0x05112223) sw      a7, 68(sp)
core   0: 0x80000444 (0x05212423) sw      s2, 72(sp)
core   0: 0x80000448 (0x05312623) sw      s3, 76(sp)
core   0: 0x8000044c (0x05412823) sw      s4, 80(sp)
core   0: 0x80000450 (0x05512a23) sw      s5, 84(sp)
core   0: 0x80000454 (0x05612c23) sw      s6, 88(sp)
core   0: 0x80000458 (0x05712e23) sw      s7, 92(sp)
core   0: 0x8000045c (0x07812023) sw      s8, 96(sp)
core   0: 0x80000460 (0x07912223) sw      s9, 100(sp)
core   0: 0x80000464 (0x07a12423) sw      s10, 104(sp)
core   0: 0x80000468 (0x07b12623) sw      s11, 108(sp)
core   0: 0x8000046c (0x07c12823) sw      t3, 112(sp)
core   0: 0x80000470 (0x07d12a23) sw      t4, 116(sp)
core   0: 0x80000474 (0x07e12c23) sw      t5, 120(sp)
core   0: 0x80000478 (0x07f12e23) sw      t6, 124(sp)
core   0: 0x8000047c (0x30002573) csrr    a0, mstatus
core   0: 0x80000480 (0x34102573) csrr    a0, mepc
core   0: 0x80000484 (0x30502573) csrr    a0, mtvec
core   0: 0x80000488 (0x34202573) csrr    a0, mcause
core   0: 0x8000048c (0x00000613) li      a2, 0
core   0: 0x80000490 (0x00c50863) beq     a0, a2, pc + 16
core   0: 0x80000494 (0x00100613) li      a2, 1
core   0: 0x80000498 (0x00c50463) beq     a0, a2, pc + 8
core   0: 0x8000049c (0x341025f3) csrr    a1, mepc
core   0: 0x800004a0 (0x00059603) lh      a2, 0(a1)
core   0: 0x800004a4 (0x00367613) andi    a2, a2, 3
core   0: 0x800004a8 (0x00300293) li      t0, 3
core   0: 0x800004ac (0x00561663) bne     a2, t0, pc + 12
core   0: 0x800004b0 (0x00458593) addi    a1, a1, 4
core   0: 0x800004b4 (0x00000463) beqz    zero, pc + 8
core   0: 0x800004bc (0x34159073) csrw    mepc, a1
core   0: 0x800004c0 (0x00412083) lw      ra, 4(sp)
core   0: 0x800004c4 (0x00c12183) lw      gp, 12(sp)
core   0: 0x800004c8 (0x01012203) lw      tp, 16(sp)
core   0: 0x800004cc (0x01412283) lw      t0, 20(sp)
core   0: 0x800004d0 (0x01812303) lw      t1, 24(sp)
core   0: 0x800004d4 (0x01c12383) lw      t2, 28(sp)
core   0: 0x800004d8 (0x02012403) lw      s0, 32(sp)
core   0: 0x800004dc (0x02412483) lw      s1, 36(sp)
core   0: 0x800004e0 (0x02812503) lw      a0, 40(sp)
core   0: 0x800004e4 (0x02c12583) lw      a1, 44(sp)
core   0: 0x800004e8 (0x03012603) lw      a2, 48(sp)
core   0: 0x800004ec (0x03412683) lw      a3, 52(sp)
core   0: 0x800004f0 (0x03812703) lw      a4, 56(sp)
core   0: 0x800004f4 (0x03c12783) lw      a5, 60(sp)
core   0: 0x800004f8 (0x04012803) lw      a6, 64(sp)
core   0: 0x800004fc (0x04412883) lw      a7, 68(sp)
core   0: 0x80000500 (0x04812903) lw      s2, 72(sp)
core   0: 0x80000504 (0x04c12983) lw      s3, 76(sp)
core   0: 0x80000508 (0x05012a03) lw      s4, 80(sp)
core   0: 0x8000050c (0x05412a83) lw      s5, 84(sp)
core   0: 0x80000510 (0x05812b03) lw      s6, 88(sp)
core   0: 0x80000514 (0x05c12b83) lw      s7, 92(sp)
core   0: 0x80000518 (0x06012c03) lw      s8, 96(sp)
core   0: 0x8000051c (0x06412c83) lw      s9, 100(sp)
core   0: 0x80000520 (0x06812d03) lw      s10, 104(sp)
core   0: 0x80000524 (0x06c12d83) lw      s11, 108(sp)
core   0: 0x80000528 (0x07012e03) lw      t3, 112(sp)
core   0: 0x8000052c (0x07412e83) lw      t4, 116(sp)
core   0: 0x80000530 (0x07812f03) lw      t5, 120(sp)
core   0: 0x80000534 (0x07c12f83) lw      t6, 124(sp)
core   0: 0x80000538 (0x0a010113) addi    sp, sp, 160
core   0: 0x8000053c (0x30200073) mret
core   0: >>>>  i0000000036
core   0: 0x80000750 (0x66f14303) lbu     t1, 1647(sp)
core   0: 0x80000754 (0x0000100f) fence.i
core   0: 0x80000758 (0x01491f93) slli    t6, s2, 20
core   0: 0x8000075c (0x0000100f) fence.i
core   0: 0x80000760 (0x000b6833) or      a6, s6, zero
core   0: 0x80000764 (0x01420433) add     s0, tp, s4
core   0: 0x80000768 (0x00f7f233) and     tp, a5, a5
core   0: 0x8000076c (0x80412003) lw      zero, -2044(sp)
core   0: 0x80000770 (0x00000a97) auipc   s5, 0x0
core   0: 0x80000774 (0x094a8a93) addi    s5, s5, 148
core   0: 0x80000778 (0x000a8567) jalr    a0, s5, 0
core   0: 0x80000804 (0x24412183) lw      gp, 580(sp)
core   0: 0x80000808 (0xdcf11323) sh      a5, -570(sp)
core   0: 0x8000080c (0xe5e10803) lb      a6, -418(sp)
core   0: 0x80000810 (0xc6411803) lh      a6, -924(sp)
core   0: 0x80000814 (0x0008f117) auipc   sp, 0x8f
core   0: 0x80000818 (0x7ec10113) addi    sp, sp, 2028
core   0: 0x8000081c (0x0000e337) lui     t1, 0xe
core   0: 0x80000820 (0x0f830313) addi    t1, t1, 248
core   0: 0x80000824 (0x00610133) add     sp, sp, t1
core   0: 0x80000828 (0x49110583) lb      a1, 1169(sp)
core   0: 0x8000082c (0x77812483) lw      s1, 1912(sp)
core   0: 0x80000830 (0x83812803) lw      a6, -1992(sp)
core   0: 0x80000834 (0xe3e11683) lh      a3, -450(sp)
core   0: 0x80000838 (0x3af10483) lb      s1, 943(sp)
core   0: 0x8000083c (0xe5e14783) lbu     a5, -418(sp)
core   0: 0x80000840 (0xdb78435b) unknown
core   0: exception trap_illegal_instruction, epc 0x80000840
core   0:           tval 0xdb78435b
core   0: >>>>  custom_trap_handler
core   0: 0x80000400 (0xf6010113) addi    sp, sp, -160
core   0: 0x80000404 (0x00112223) sw      ra, 4(sp)
core   0: 0x80000408 (0x00312623) sw      gp, 12(sp)
core   0: 0x8000040c (0x00412823) sw      tp, 16(sp)
core   0: 0x80000410 (0x00512a23) sw      t0, 20(sp)
core   0: 0x80000414 (0x00612c23) sw      t1, 24(sp)
core   0: 0x80000418 (0x00712e23) sw      t2, 28(sp)
core   0: 0x8000041c (0x02812023) sw      s0, 32(sp)
core   0: 0x80000420 (0x02912223) sw      s1, 36(sp)
core   0: 0x80000424 (0x02a12423) sw      a0, 40(sp)
core   0: 0x80000428 (0x02b12623) sw      a1, 44(sp)
core   0: 0x8000042c (0x02c12823) sw      a2, 48(sp)
core   0: 0x80000430 (0x02d12a23) sw      a3, 52(sp)
core   0: 0x80000434 (0x02e12c23) sw      a4, 56(sp)
core   0: 0x80000438 (0x02f12e23) sw      a5, 60(sp)
core   0: 0x8000043c (0x05012023) sw      a6, 64(sp)
core   0: 0x80000440 (0x05112223) sw      a7, 68(sp)
core   0: 0x80000444 (0x05212423) sw      s2, 72(sp)
core   0: 0x80000448 (0x05312623) sw      s3, 76(sp)
core   0: 0x8000044c (0x05412823) sw      s4, 80(sp)
core   0: 0x80000450 (0x05512a23) sw      s5, 84(sp)
core   0: 0x80000454 (0x05612c23) sw      s6, 88(sp)
core   0: 0x80000458 (0x05712e23) sw      s7, 92(sp)
core   0: 0x8000045c (0x07812023) sw      s8, 96(sp)
core   0: 0x80000460 (0x07912223) sw      s9, 100(sp)
core   0: 0x80000464 (0x07a12423) sw      s10, 104(sp)
core   0: 0x80000468 (0x07b12623) sw      s11, 108(sp)
core   0: 0x8000046c (0x07c12823) sw      t3, 112(sp)
core   0: 0x80000470 (0x07d12a23) sw      t4, 116(sp)
core   0: 0x80000474 (0x07e12c23) sw      t5, 120(sp)
core   0: 0x80000478 (0x07f12e23) sw      t6, 124(sp)
core   0: 0x8000047c (0x30002573) csrr    a0, mstatus
core   0: 0x80000480 (0x34102573) csrr    a0, mepc
core   0: 0x80000484 (0x30502573) csrr    a0, mtvec
core   0: 0x80000488 (0x34202573) csrr    a0, mcause
core   0: 0x8000048c (0x00000613) li      a2, 0
core   0: 0x80000490 (0x00c50863) beq     a0, a2, pc + 16
core   0: 0x80000494 (0x00100613) li      a2, 1
core   0: 0x80000498 (0x00c50463) beq     a0, a2, pc + 8
core   0: 0x8000049c (0x341025f3) csrr    a1, mepc
core   0: 0x800004a0 (0x00059603) lh      a2, 0(a1)
core   0: 0x800004a4 (0x00367613) andi    a2, a2, 3
core   0: 0x800004a8 (0x00300293) li      t0, 3
core   0: 0x800004ac (0x00561663) bne     a2, t0, pc + 12
core   0: 0x800004b0 (0x00458593) addi    a1, a1, 4
core   0: 0x800004b4 (0x00000463) beqz    zero, pc + 8
core   0: 0x800004bc (0x34159073) csrw    mepc, a1
core   0: 0x800004c0 (0x00412083) lw      ra, 4(sp)
core   0: 0x800004c4 (0x00c12183) lw      gp, 12(sp)
core   0: 0x800004c8 (0x01012203) lw      tp, 16(sp)
core   0: 0x800004cc (0x01412283) lw      t0, 20(sp)
core   0: 0x800004d0 (0x01812303) lw      t1, 24(sp)
core   0: 0x800004d4 (0x01c12383) lw      t2, 28(sp)
core   0: 0x800004d8 (0x02012403) lw      s0, 32(sp)
core   0: 0x800004dc (0x02412483) lw      s1, 36(sp)
core   0: 0x800004e0 (0x02812503) lw      a0, 40(sp)
core   0: 0x800004e4 (0x02c12583) lw      a1, 44(sp)
core   0: 0x800004e8 (0x03012603) lw      a2, 48(sp)
core   0: 0x800004ec (0x03412683) lw      a3, 52(sp)
core   0: 0x800004f0 (0x03812703) lw      a4, 56(sp)
core   0: 0x800004f4 (0x03c12783) lw      a5, 60(sp)
core   0: 0x800004f8 (0x04012803) lw      a6, 64(sp)
core   0: 0x800004fc (0x04412883) lw      a7, 68(sp)
core   0: 0x80000500 (0x04812903) lw      s2, 72(sp)
core   0: 0x80000504 (0x04c12983) lw      s3, 76(sp)
core   0: 0x80000508 (0x05012a03) lw      s4, 80(sp)
core   0: 0x8000050c (0x05412a83) lw      s5, 84(sp)
core   0: 0x80000510 (0x05812b03) lw      s6, 88(sp)
core   0: 0x80000514 (0x05c12b83) lw      s7, 92(sp)
core   0: 0x80000518 (0x06012c03) lw      s8, 96(sp)
core   0: 0x8000051c (0x06412c83) lw      s9, 100(sp)
core   0: 0x80000520 (0x06812d03) lw      s10, 104(sp)
core   0: 0x80000524 (0x06c12d83) lw      s11, 108(sp)
core   0: 0x80000528 (0x07012e03) lw      t3, 112(sp)
core   0: 0x8000052c (0x07412e83) lw      t4, 116(sp)
core   0: 0x80000530 (0x07812f03) lw      t5, 120(sp)
core   0: 0x80000534 (0x07c12f83) lw      t6, 124(sp)
core   0: 0x80000538 (0x0a010113) addi    sp, sp, 160
core   0: 0x8000053c (0x30200073) mret
core   0: 0x80000844 (0x0008f117) auipc   sp, 0x8f
core   0: 0x80000848 (0x7bc10113) addi    sp, sp, 1980
core   0: 0x8000084c (0x00002337) lui     t1, 0x2
core   0: 0x80000850 (0x08830313) addi    t1, t1, 136
core   0: 0x80000854 (0x00610133) add     sp, sp, t1
core   0: 0x80000858 (0x51211883) lh      a7, 1298(sp)
core   0: 0x8000085c (0x23012623) sw      a6, 556(sp)
core   0: 0x80000860 (0x00a00813) li      a6, 10
core   0: 0x80000864 (0x0008f117) auipc   sp, 0x8f
core   0: 0x80000868 (0x79c10113) addi    sp, sp, 1948
core   0: 0x8000086c (0x00001337) lui     t1, 0x1
core   0: 0x80000870 (0x19830313) addi    t1, t1, 408
core   0: 0x80000874 (0x00610133) add     sp, sp, t1
core   0: 0x80000878 (0x0ff0000f) fence   iorw,iorw
core   0: 0x8000087c (0xda37f893) andi    a7, a5, -605
core   0: 0x80000880 (0x0000100f) fence.i
core   0: 0x80000884 (0xba310483) lb      s1, -1117(sp)
core   0: 0x80000888 (0x0000100f) fence.i
core   0: 0x8000088c (0xd7c12783) lw      a5, -644(sp)
core   0: 0x80000890 (0x8fa12823) sw      s10, -1808(sp)
core   0: 0x80000894 (0x010c8463) beq     s9, a6, pc + 8
core   0: 0x8000089c (0x00a00c93) li      s9, 10
core   0: 0x800008a0 (0x4118d8b3) sra     a7, a7, a7
core   0: 0x800008a4 (0xe3b8a413) slti    s0, a7, -453
core   0: 0x800008a8 (0x007eba33) sltu    s4, t4, t2
core   0: 0x800008ac (0x0ff0000f) fence   iorw,iorw
core   0: 0x800008b0 (0x0097b933) sltu    s2, a5, s1
core   0: 0x800008b4 (0x00f89db3) sll     s11, a7, a5
core   0: 0x800008b8 (0x58c44893) xori    a7, s0, 1420
core   0: 0x800008bc (0x4cc15883) lhu     a7, 1228(sp)
core   0: 0x800008c0 (0xd3615d03) lhu     s10, -714(sp)
core   0: 0x800008c4 (0xcb412803) lw      a6, -844(sp)
core   0: 0x800008c8 (0xed012023) sw      a6, -320(sp)
core   0: 0x800008cc (0x17a11483) lh      s1, 378(sp)
core   0: 0x800008d0 (0xb5112a23) sw      a7, -1196(sp)
core   0: 0x800008d4 (0xc5415483) lhu     s1, -940(sp)
core   0: 0x800008d8 (0x0008f117) auipc   sp, 0x8f
core   0: 0x800008dc (0x72810113) addi    sp, sp, 1832
core   0: 0x800008e0 (0x00009337) lui     t1, 0x9
core   0: 0x800008e4 (0xf5830313) addi    t1, t1, -168
core   0: 0x800008e8 (0x00610133) add     sp, sp, t1
core   0: 0x800008ec (0xfa412483) lw      s1, -92(sp)
core   0: 0x800008f0 (0x8c910ca3) sb      s1, -1831(sp)
core   0: 0x800008f4 (0x0008f117) auipc   sp, 0x8f
core   0: 0x800008f8 (0x70c10113) addi    sp, sp, 1804
core   0: 0x800008fc (0x0000c337) lui     t1, 0xc
core   0: 0x80000900 (0xd6830313) addi    t1, t1, -664
core   0: 0x80000904 (0x00610133) add     sp, sp, t1
core   0: 0x80000908 (0x49111723) sh      a7, 1166(sp)
core   0: 0x8000090c (0x5e611883) lh      a7, 1510(sp)
core   0: 0x80000910 (0x2421737b) unknown
core   0: exception trap_illegal_instruction, epc 0x80000910
core   0:           tval 0x2421737b
core   0: >>>>  custom_trap_handler
core   0: 0x80000400 (0xf6010113) addi    sp, sp, -160
core   0: 0x80000404 (0x00112223) sw      ra, 4(sp)
core   0: 0x80000408 (0x00312623) sw      gp, 12(sp)
core   0: 0x8000040c (0x00412823) sw      tp, 16(sp)
core   0: 0x80000410 (0x00512a23) sw      t0, 20(sp)
core   0: 0x80000414 (0x00612c23) sw      t1, 24(sp)
core   0: 0x80000418 (0x00712e23) sw      t2, 28(sp)
core   0: 0x8000041c (0x02812023) sw      s0, 32(sp)
core   0: 0x80000420 (0x02912223) sw      s1, 36(sp)
core   0: 0x80000424 (0x02a12423) sw      a0, 40(sp)
core   0: 0x80000428 (0x02b12623) sw      a1, 44(sp)
core   0: 0x8000042c (0x02c12823) sw      a2, 48(sp)
core   0: 0x80000430 (0x02d12a23) sw      a3, 52(sp)
core   0: 0x80000434 (0x02e12c23) sw      a4, 56(sp)
core   0: 0x80000438 (0x02f12e23) sw      a5, 60(sp)
core   0: 0x8000043c (0x05012023) sw      a6, 64(sp)
core   0: 0x80000440 (0x05112223) sw      a7, 68(sp)
core   0: 0x80000444 (0x05212423) sw      s2, 72(sp)
core   0: 0x80000448 (0x05312623) sw      s3, 76(sp)
core   0: 0x8000044c (0x05412823) sw      s4, 80(sp)
core   0: 0x80000450 (0x05512a23) sw      s5, 84(sp)
core   0: 0x80000454 (0x05612c23) sw      s6, 88(sp)
core   0: 0x80000458 (0x05712e23) sw      s7, 92(sp)
core   0: 0x8000045c (0x07812023) sw      s8, 96(sp)
core   0: 0x80000460 (0x07912223) sw      s9, 100(sp)
core   0: 0x80000464 (0x07a12423) sw      s10, 104(sp)
core   0: 0x80000468 (0x07b12623) sw      s11, 108(sp)
core   0: 0x8000046c (0x07c12823) sw      t3, 112(sp)
core   0: 0x80000470 (0x07d12a23) sw      t4, 116(sp)
core   0: 0x80000474 (0x07e12c23) sw      t5, 120(sp)
core   0: 0x80000478 (0x07f12e23) sw      t6, 124(sp)
core   0: 0x8000047c (0x30002573) csrr    a0, mstatus
core   0: 0x80000480 (0x34102573) csrr    a0, mepc
core   0: 0x80000484 (0x30502573) csrr    a0, mtvec
core   0: 0x80000488 (0x34202573) csrr    a0, mcause
core   0: 0x8000048c (0x00000613) li      a2, 0
core   0: 0x80000490 (0x00c50863) beq     a0, a2, pc + 16
core   0: 0x80000494 (0x00100613) li      a2, 1
core   0: 0x80000498 (0x00c50463) beq     a0, a2, pc + 8
core   0: 0x8000049c (0x341025f3) csrr    a1, mepc
core   0: 0x800004a0 (0x00059603) lh      a2, 0(a1)
core   0: 0x800004a4 (0x00367613) andi    a2, a2, 3
core   0: 0x800004a8 (0x00300293) li      t0, 3
core   0: 0x800004ac (0x00561663) bne     a2, t0, pc + 12
core   0: 0x800004b0 (0x00458593) addi    a1, a1, 4
core   0: 0x800004b4 (0x00000463) beqz    zero, pc + 8
core   0: 0x800004bc (0x34159073) csrw    mepc, a1
core   0: 0x800004c0 (0x00412083) lw      ra, 4(sp)
core   0: 0x800004c4 (0x00c12183) lw      gp, 12(sp)
core   0: 0x800004c8 (0x01012203) lw      tp, 16(sp)
core   0: 0x800004cc (0x01412283) lw      t0, 20(sp)
core   0: 0x800004d0 (0x01812303) lw      t1, 24(sp)
core   0: 0x800004d4 (0x01c12383) lw      t2, 28(sp)
core   0: 0x800004d8 (0x02012403) lw      s0, 32(sp)
core   0: 0x800004dc (0x02412483) lw      s1, 36(sp)
core   0: 0x800004e0 (0x02812503) lw      a0, 40(sp)
core   0: 0x800004e4 (0x02c12583) lw      a1, 44(sp)
core   0: 0x800004e8 (0x03012603) lw      a2, 48(sp)
core   0: 0x800004ec (0x03412683) lw      a3, 52(sp)
core   0: 0x800004f0 (0x03812703) lw      a4, 56(sp)
core   0: 0x800004f4 (0x03c12783) lw      a5, 60(sp)
core   0: 0x800004f8 (0x04012803) lw      a6, 64(sp)
core   0: 0x800004fc (0x04412883) lw      a7, 68(sp)
core   0: 0x80000500 (0x04812903) lw      s2, 72(sp)
core   0: 0x80000504 (0x04c12983) lw      s3, 76(sp)
core   0: 0x80000508 (0x05012a03) lw      s4, 80(sp)
core   0: 0x8000050c (0x05412a83) lw      s5, 84(sp)
core   0: 0x80000510 (0x05812b03) lw      s6, 88(sp)
core   0: 0x80000514 (0x05c12b83) lw      s7, 92(sp)
core   0: 0x80000518 (0x06012c03) lw      s8, 96(sp)
core   0: 0x8000051c (0x06412c83) lw      s9, 100(sp)
core   0: 0x80000520 (0x06812d03) lw      s10, 104(sp)
core   0: 0x80000524 (0x06c12d83) lw      s11, 108(sp)
core   0: 0x80000528 (0x07012e03) lw      t3, 112(sp)
core   0: 0x8000052c (0x07412e83) lw      t4, 116(sp)
core   0: 0x80000530 (0x07812f03) lw      t5, 120(sp)
core   0: 0x80000534 (0x07c12f83) lw      t6, 124(sp)
core   0: 0x80000538 (0x0a010113) addi    sp, sp, 160
core   0: 0x8000053c (0x30200073) mret
core   0: 0x80000914 (0x0008f117) auipc   sp, 0x8f
core   0: 0x80000918 (0x6ec10113) addi    sp, sp, 1772
core   0: 0x8000091c (0x00007337) lui     t1, 0x7
core   0: 0x80000920 (0x53830313) addi    t1, t1, 1336
core   0: 0x80000924 (0x00610133) add     sp, sp, t1
core   0: 0x80000928 (0x00a109a3) sb      a0, 19(sp)
core   0: 0x8000092c (0x35110323) sb      a7, 838(sp)
core   0: 0x80000930 (0x0008f117) auipc   sp, 0x8f
core   0: 0x80000934 (0x6d010113) addi    sp, sp, 1744
core   0: 0x80000938 (0x0000b337) lui     t1, 0xb
core   0: 0x8000093c (0x28830313) addi    t1, t1, 648
core   0: 0x80000940 (0x00610133) add     sp, sp, t1
core   0: 0x80000944 (0x4ee12223) sw      a4, 1252(sp)
core   0: 0x80000948 (0x56e12a23) sw      a4, 1396(sp)
core   0: 0x8000094c (0x8d011523) sh      a6, -1846(sp)
core   0: 0x80000950 (0xbd8109a3) sb      s8, -1069(sp)
core   0: 0x80000954 (0xdfc14883) lbu     a7, -516(sp)
core   0: 0x80000958 (0xe41e73eb) unknown
core   0: exception trap_illegal_instruction, epc 0x80000958
core   0:           tval 0xe41e73eb
core   0: >>>>  custom_trap_handler
core   0: 0x80000400 (0xf6010113) addi    sp, sp, -160
core   0: 0x80000404 (0x00112223) sw      ra, 4(sp)
core   0: 0x80000408 (0x00312623) sw      gp, 12(sp)
core   0: 0x8000040c (0x00412823) sw      tp, 16(sp)
core   0: 0x80000410 (0x00512a23) sw      t0, 20(sp)
core   0: 0x80000414 (0x00612c23) sw      t1, 24(sp)
core   0: 0x80000418 (0x00712e23) sw      t2, 28(sp)
core   0: 0x8000041c (0x02812023) sw      s0, 32(sp)
core   0: 0x80000420 (0x02912223) sw      s1, 36(sp)
core   0: 0x80000424 (0x02a12423) sw      a0, 40(sp)
core   0: 0x80000428 (0x02b12623) sw      a1, 44(sp)
core   0: 0x8000042c (0x02c12823) sw      a2, 48(sp)
core   0: 0x80000430 (0x02d12a23) sw      a3, 52(sp)
core   0: 0x80000434 (0x02e12c23) sw      a4, 56(sp)
core   0: 0x80000438 (0x02f12e23) sw      a5, 60(sp)
core   0: 0x8000043c (0x05012023) sw      a6, 64(sp)
core   0: 0x80000440 (0x05112223) sw      a7, 68(sp)
core   0: 0x80000444 (0x05212423) sw      s2, 72(sp)
core   0: 0x80000448 (0x05312623) sw      s3, 76(sp)
core   0: 0x8000044c (0x05412823) sw      s4, 80(sp)
core   0: 0x80000450 (0x05512a23) sw      s5, 84(sp)
core   0: 0x80000454 (0x05612c23) sw      s6, 88(sp)
core   0: 0x80000458 (0x05712e23) sw      s7, 92(sp)
core   0: 0x8000045c (0x07812023) sw      s8, 96(sp)
core   0: 0x80000460 (0x07912223) sw      s9, 100(sp)
core   0: 0x80000464 (0x07a12423) sw      s10, 104(sp)
core   0: 0x80000468 (0x07b12623) sw      s11, 108(sp)
core   0: 0x8000046c (0x07c12823) sw      t3, 112(sp)
core   0: 0x80000470 (0x07d12a23) sw      t4, 116(sp)
core   0: 0x80000474 (0x07e12c23) sw      t5, 120(sp)
core   0: 0x80000478 (0x07f12e23) sw      t6, 124(sp)
core   0: 0x8000047c (0x30002573) csrr    a0, mstatus
core   0: 0x80000480 (0x34102573) csrr    a0, mepc
core   0: 0x80000484 (0x30502573) csrr    a0, mtvec
core   0: 0x80000488 (0x34202573) csrr    a0, mcause
core   0: 0x8000048c (0x00000613) li      a2, 0
core   0: 0x80000490 (0x00c50863) beq     a0, a2, pc + 16
core   0: 0x80000494 (0x00100613) li      a2, 1
core   0: 0x80000498 (0x00c50463) beq     a0, a2, pc + 8
core   0: 0x8000049c (0x341025f3) csrr    a1, mepc
core   0: 0x800004a0 (0x00059603) lh      a2, 0(a1)
core   0: 0x800004a4 (0x00367613) andi    a2, a2, 3
core   0: 0x800004a8 (0x00300293) li      t0, 3
core   0: 0x800004ac (0x00561663) bne     a2, t0, pc + 12
core   0: 0x800004b0 (0x00458593) addi    a1, a1, 4
core   0: 0x800004b4 (0x00000463) beqz    zero, pc + 8
core   0: 0x800004bc (0x34159073) csrw    mepc, a1
core   0: 0x800004c0 (0x00412083) lw      ra, 4(sp)
core   0: 0x800004c4 (0x00c12183) lw      gp, 12(sp)
core   0: 0x800004c8 (0x01012203) lw      tp, 16(sp)
core   0: 0x800004cc (0x01412283) lw      t0, 20(sp)
core   0: 0x800004d0 (0x01812303) lw      t1, 24(sp)
core   0: 0x800004d4 (0x01c12383) lw      t2, 28(sp)
core   0: 0x800004d8 (0x02012403) lw      s0, 32(sp)
core   0: 0x800004dc (0x02412483) lw      s1, 36(sp)
core   0: 0x800004e0 (0x02812503) lw      a0, 40(sp)
core   0: 0x800004e4 (0x02c12583) lw      a1, 44(sp)
core   0: 0x800004e8 (0x03012603) lw      a2, 48(sp)
core   0: 0x800004ec (0x03412683) lw      a3, 52(sp)
core   0: 0x800004f0 (0x03812703) lw      a4, 56(sp)
core   0: 0x800004f4 (0x03c12783) lw      a5, 60(sp)
core   0: 0x800004f8 (0x04012803) lw      a6, 64(sp)
core   0: 0x800004fc (0x04412883) lw      a7, 68(sp)
core   0: 0x80000500 (0x04812903) lw      s2, 72(sp)
core   0: 0x80000504 (0x04c12983) lw      s3, 76(sp)
core   0: 0x80000508 (0x05012a03) lw      s4, 80(sp)
core   0: 0x8000050c (0x05412a83) lw      s5, 84(sp)
core   0: 0x80000510 (0x05812b03) lw      s6, 88(sp)
core   0: 0x80000514 (0x05c12b83) lw      s7, 92(sp)
core   0: 0x80000518 (0x06012c03) lw      s8, 96(sp)
core   0: 0x8000051c (0x06412c83) lw      s9, 100(sp)
core   0: 0x80000520 (0x06812d03) lw      s10, 104(sp)
core   0: 0x80000524 (0x06c12d83) lw      s11, 108(sp)
core   0: 0x80000528 (0x07012e03) lw      t3, 112(sp)
core   0: 0x8000052c (0x07412e83) lw      t4, 116(sp)
core   0: 0x80000530 (0x07812f03) lw      t5, 120(sp)
core   0: 0x80000534 (0x07c12f83) lw      t6, 124(sp)
core   0: 0x80000538 (0x0a010113) addi    sp, sp, 160
core   0: 0x8000053c (0x30200073) mret
core   0: >>>>  i0000000064
core   0: 0x8000095c (0xdb78435b) unknown
core   0: exception trap_illegal_instruction, epc 0x8000095c
core   0:           tval 0xdb78435b
core   0: >>>>  custom_trap_handler
core   0: 0x80000400 (0xf6010113) addi    sp, sp, -160
core   0: 0x80000404 (0x00112223) sw      ra, 4(sp)
core   0: 0x80000408 (0x00312623) sw      gp, 12(sp)
core   0: 0x8000040c (0x00412823) sw      tp, 16(sp)
core   0: 0x80000410 (0x00512a23) sw      t0, 20(sp)
core   0: 0x80000414 (0x00612c23) sw      t1, 24(sp)
core   0: 0x80000418 (0x00712e23) sw      t2, 28(sp)
core   0: 0x8000041c (0x02812023) sw      s0, 32(sp)
core   0: 0x80000420 (0x02912223) sw      s1, 36(sp)
core   0: 0x80000424 (0x02a12423) sw      a0, 40(sp)
core   0: 0x80000428 (0x02b12623) sw      a1, 44(sp)
core   0: 0x8000042c (0x02c12823) sw      a2, 48(sp)
core   0: 0x80000430 (0x02d12a23) sw      a3, 52(sp)
core   0: 0x80000434 (0x02e12c23) sw      a4, 56(sp)
core   0: 0x80000438 (0x02f12e23) sw      a5, 60(sp)
core   0: 0x8000043c (0x05012023) sw      a6, 64(sp)
core   0: 0x80000440 (0x05112223) sw      a7, 68(sp)
core   0: 0x80000444 (0x05212423) sw      s2, 72(sp)
core   0: 0x80000448 (0x05312623) sw      s3, 76(sp)
core   0: 0x8000044c (0x05412823) sw      s4, 80(sp)
core   0: 0x80000450 (0x05512a23) sw      s5, 84(sp)
core   0: 0x80000454 (0x05612c23) sw      s6, 88(sp)
core   0: 0x80000458 (0x05712e23) sw      s7, 92(sp)
core   0: 0x8000045c (0x07812023) sw      s8, 96(sp)
core   0: 0x80000460 (0x07912223) sw      s9, 100(sp)
core   0: 0x80000464 (0x07a12423) sw      s10, 104(sp)
core   0: 0x80000468 (0x07b12623) sw      s11, 108(sp)
core   0: 0x8000046c (0x07c12823) sw      t3, 112(sp)
core   0: 0x80000470 (0x07d12a23) sw      t4, 116(sp)
core   0: 0x80000474 (0x07e12c23) sw      t5, 120(sp)
core   0: 0x80000478 (0x07f12e23) sw      t6, 124(sp)
core   0: 0x8000047c (0x30002573) csrr    a0, mstatus
core   0: 0x80000480 (0x34102573) csrr    a0, mepc
core   0: 0x80000484 (0x30502573) csrr    a0, mtvec
core   0: 0x80000488 (0x34202573) csrr    a0, mcause
core   0: 0x8000048c (0x00000613) li      a2, 0
core   0: 0x80000490 (0x00c50863) beq     a0, a2, pc + 16
core   0: 0x80000494 (0x00100613) li      a2, 1
core   0: 0x80000498 (0x00c50463) beq     a0, a2, pc + 8
core   0: 0x8000049c (0x341025f3) csrr    a1, mepc
core   0: 0x800004a0 (0x00059603) lh      a2, 0(a1)
core   0: 0x800004a4 (0x00367613) andi    a2, a2, 3
core   0: 0x800004a8 (0x00300293) li      t0, 3
core   0: 0x800004ac (0x00561663) bne     a2, t0, pc + 12
core   0: 0x800004b0 (0x00458593) addi    a1, a1, 4
core   0: 0x800004b4 (0x00000463) beqz    zero, pc + 8
core   0: 0x800004bc (0x34159073) csrw    mepc, a1
core   0: 0x800004c0 (0x00412083) lw      ra, 4(sp)
core   0: 0x800004c4 (0x00c12183) lw      gp, 12(sp)
core   0: 0x800004c8 (0x01012203) lw      tp, 16(sp)
core   0: 0x800004cc (0x01412283) lw      t0, 20(sp)
core   0: 0x800004d0 (0x01812303) lw      t1, 24(sp)
core   0: 0x800004d4 (0x01c12383) lw      t2, 28(sp)
core   0: 0x800004d8 (0x02012403) lw      s0, 32(sp)
core   0: 0x800004dc (0x02412483) lw      s1, 36(sp)
core   0: 0x800004e0 (0x02812503) lw      a0, 40(sp)
core   0: 0x800004e4 (0x02c12583) lw      a1, 44(sp)
core   0: 0x800004e8 (0x03012603) lw      a2, 48(sp)
core   0: 0x800004ec (0x03412683) lw      a3, 52(sp)
core   0: 0x800004f0 (0x03812703) lw      a4, 56(sp)
core   0: 0x800004f4 (0x03c12783) lw      a5, 60(sp)
core   0: 0x800004f8 (0x04012803) lw      a6, 64(sp)
core   0: 0x800004fc (0x04412883) lw      a7, 68(sp)
core   0: 0x80000500 (0x04812903) lw      s2, 72(sp)
core   0: 0x80000504 (0x04c12983) lw      s3, 76(sp)
core   0: 0x80000508 (0x05012a03) lw      s4, 80(sp)
core   0: 0x8000050c (0x05412a83) lw      s5, 84(sp)
core   0: 0x80000510 (0x05812b03) lw      s6, 88(sp)
core   0: 0x80000514 (0x05c12b83) lw      s7, 92(sp)
core   0: 0x80000518 (0x06012c03) lw      s8, 96(sp)
core   0: 0x8000051c (0x06412c83) lw      s9, 100(sp)
core   0: 0x80000520 (0x06812d03) lw      s10, 104(sp)
core   0: 0x80000524 (0x06c12d83) lw      s11, 108(sp)
core   0: 0x80000528 (0x07012e03) lw      t3, 112(sp)
core   0: 0x8000052c (0x07412e83) lw      t4, 116(sp)
core   0: 0x80000530 (0x07812f03) lw      t5, 120(sp)
core   0: 0x80000534 (0x07c12f83) lw      t6, 124(sp)
core   0: 0x80000538 (0x0a010113) addi    sp, sp, 160
core   0: 0x8000053c (0x30200073) mret
core   0: >>>>  $x
core   0: 0x80000960 (0x5a114803) lbu     a6, 1441(sp)
core   0: 0x80000964 (0x6d012483) lw      s1, 1744(sp)
core   0: 0x80000968 (0x98710803) lb      a6, -1657(sp)
core   0: 0x8000096c (0xe8210283) lb      t0, -382(sp)
core   0: 0x80000970 (0x0c912423) sw      s1, 200(sp)
core   0: 0x80000974 (0xa9e11883) lh      a7, -1378(sp)
core   0: 0x80000978 (0x00c00d13) li      s10, 12
core   0: 0x8000097c (0x001c8c93) addi    s9, s9, 1
core   0: 0x80000980 (0x0008f117) auipc   sp, 0x8f
core   0: 0x80000984 (0x68010113) addi    sp, sp, 1664
core   0: 0x80000988 (0x0000a337) lui     t1, 0xa
core   0: 0x8000098c (0x89030313) addi    t1, t1, -1904
core   0: 0x80000990 (0x00610133) add     sp, sp, t1
core   0: 0x80000994 (0x0000100f) fence.i
core   0: 0x80000998 (0x015c2fb3) slt     t6, s8, s5
core   0: 0x8000099c (0x98411403) lh      s0, -1660(sp)
core   0: 0x800009a0 (0x0000100f) fence.i
core   0: 0x800009a4 (0x0000100f) fence.i
core   0: 0x800009a8 (0x0094a833) slt     a6, s1, s1
core   0: 0x800009ac (0x13f12e23) sw      t6, 316(sp)
core   0: 0x800009b0 (0x00000033) add     zero, zero, zero
core   0: 0x800009b4 (0xfbacc2e3) blt     s9, s10, pc - 92
core   0: 0x80000958 (0xe41e73eb) unknown
core   0: exception trap_illegal_instruction, epc 0x80000958
core   0:           tval 0xe41e73eb
core   0: >>>>  custom_trap_handler
core   0: 0x80000400 (0xf6010113) addi    sp, sp, -160
core   0: 0x80000404 (0x00112223) sw      ra, 4(sp)
core   0: 0x80000408 (0x00312623) sw      gp, 12(sp)
core   0: 0x8000040c (0x00412823) sw      tp, 16(sp)
core   0: 0x80000410 (0x00512a23) sw      t0, 20(sp)
core   0: 0x80000414 (0x00612c23) sw      t1, 24(sp)
core   0: 0x80000418 (0x00712e23) sw      t2, 28(sp)
core   0: 0x8000041c (0x02812023) sw      s0, 32(sp)
core   0: 0x80000420 (0x02912223) sw      s1, 36(sp)
core   0: 0x80000424 (0x02a12423) sw      a0, 40(sp)
core   0: 0x80000428 (0x02b12623) sw      a1, 44(sp)
core   0: 0x8000042c (0x02c12823) sw      a2, 48(sp)
core   0: 0x80000430 (0x02d12a23) sw      a3, 52(sp)
core   0: 0x80000434 (0x02e12c23) sw      a4, 56(sp)
core   0: 0x80000438 (0x02f12e23) sw      a5, 60(sp)
core   0: 0x8000043c (0x05012023) sw      a6, 64(sp)
core   0: 0x80000440 (0x05112223) sw      a7, 68(sp)
core   0: 0x80000444 (0x05212423) sw      s2, 72(sp)
core   0: 0x80000448 (0x05312623) sw      s3, 76(sp)
core   0: 0x8000044c (0x05412823) sw      s4, 80(sp)
core   0: 0x80000450 (0x05512a23) sw      s5, 84(sp)
core   0: 0x80000454 (0x05612c23) sw      s6, 88(sp)
core   0: 0x80000458 (0x05712e23) sw      s7, 92(sp)
core   0: 0x8000045c (0x07812023) sw      s8, 96(sp)
core   0: 0x80000460 (0x07912223) sw      s9, 100(sp)
core   0: 0x80000464 (0x07a12423) sw      s10, 104(sp)
core   0: 0x80000468 (0x07b12623) sw      s11, 108(sp)
core   0: 0x8000046c (0x07c12823) sw      t3, 112(sp)
core   0: 0x80000470 (0x07d12a23) sw      t4, 116(sp)
core   0: 0x80000474 (0x07e12c23) sw      t5, 120(sp)
core   0: 0x80000478 (0x07f12e23) sw      t6, 124(sp)
core   0: 0x8000047c (0x30002573) csrr    a0, mstatus
core   0: 0x80000480 (0x34102573) csrr    a0, mepc
core   0: 0x80000484 (0x30502573) csrr    a0, mtvec
core   0: 0x80000488 (0x34202573) csrr    a0, mcause
core   0: 0x8000048c (0x00000613) li      a2, 0
core   0: 0x80000490 (0x00c50863) beq     a0, a2, pc + 16
core   0: 0x80000494 (0x00100613) li      a2, 1
core   0: 0x80000498 (0x00c50463) beq     a0, a2, pc + 8
core   0: 0x8000049c (0x341025f3) csrr    a1, mepc
core   0: 0x800004a0 (0x00059603) lh      a2, 0(a1)
core   0: 0x800004a4 (0x00367613) andi    a2, a2, 3
core   0: 0x800004a8 (0x00300293) li      t0, 3
core   0: 0x800004ac (0x00561663) bne     a2, t0, pc + 12
core   0: 0x800004b0 (0x00458593) addi    a1, a1, 4
core   0: 0x800004b4 (0x00000463) beqz    zero, pc + 8
core   0: 0x800004bc (0x34159073) csrw    mepc, a1
core   0: 0x800004c0 (0x00412083) lw      ra, 4(sp)
core   0: 0x800004c4 (0x00c12183) lw      gp, 12(sp)
core   0: 0x800004c8 (0x01012203) lw      tp, 16(sp)
core   0: 0x800004cc (0x01412283) lw      t0, 20(sp)
core   0: 0x800004d0 (0x01812303) lw      t1, 24(sp)
core   0: 0x800004d4 (0x01c12383) lw      t2, 28(sp)
core   0: 0x800004d8 (0x02012403) lw      s0, 32(sp)
core   0: 0x800004dc (0x02412483) lw      s1, 36(sp)
core   0: 0x800004e0 (0x02812503) lw      a0, 40(sp)
core   0: 0x800004e4 (0x02c12583) lw      a1, 44(sp)
core   0: 0x800004e8 (0x03012603) lw      a2, 48(sp)
core   0: 0x800004ec (0x03412683) lw      a3, 52(sp)
core   0: 0x800004f0 (0x03812703) lw      a4, 56(sp)
core   0: 0x800004f4 (0x03c12783) lw      a5, 60(sp)
core   0: 0x800004f8 (0x04012803) lw      a6, 64(sp)
core   0: 0x800004fc (0x04412883) lw      a7, 68(sp)
core   0: 0x80000500 (0x04812903) lw      s2, 72(sp)
core   0: 0x80000504 (0x04c12983) lw      s3, 76(sp)
core   0: 0x80000508 (0x05012a03) lw      s4, 80(sp)
core   0: 0x8000050c (0x05412a83) lw      s5, 84(sp)
core   0: 0x80000510 (0x05812b03) lw      s6, 88(sp)
core   0: 0x80000514 (0x05c12b83) lw      s7, 92(sp)
core   0: 0x80000518 (0x06012c03) lw      s8, 96(sp)
core   0: 0x8000051c (0x06412c83) lw      s9, 100(sp)
core   0: 0x80000520 (0x06812d03) lw      s10, 104(sp)
core   0: 0x80000524 (0x06c12d83) lw      s11, 108(sp)
core   0: 0x80000528 (0x07012e03) lw      t3, 112(sp)
core   0: 0x8000052c (0x07412e83) lw      t4, 116(sp)
core   0: 0x80000530 (0x07812f03) lw      t5, 120(sp)
core   0: 0x80000534 (0x07c12f83) lw      t6, 124(sp)
core   0: 0x80000538 (0x0a010113) addi    sp, sp, 160
core   0: 0x8000053c (0x30200073) mret
core   0: >>>>  i0000000064
core   0: 0x8000095c (0xdb78435b) unknown
core   0: exception trap_illegal_instruction, epc 0x8000095c
core   0:           tval 0xdb78435b
core   0: >>>>  custom_trap_handler
core   0: 0x80000400 (0xf6010113) addi    sp, sp, -160
core   0: 0x80000404 (0x00112223) sw      ra, 4(sp)
core   0: 0x80000408 (0x00312623) sw      gp, 12(sp)
core   0: 0x8000040c (0x00412823) sw      tp, 16(sp)
core   0: 0x80000410 (0x00512a23) sw      t0, 20(sp)
core   0: 0x80000414 (0x00612c23) sw      t1, 24(sp)
core   0: 0x80000418 (0x00712e23) sw      t2, 28(sp)
core   0: 0x8000041c (0x02812023) sw      s0, 32(sp)
core   0: 0x80000420 (0x02912223) sw      s1, 36(sp)
core   0: 0x80000424 (0x02a12423) sw      a0, 40(sp)
core   0: 0x80000428 (0x02b12623) sw      a1, 44(sp)
core   0: 0x8000042c (0x02c12823) sw      a2, 48(sp)
core   0: 0x80000430 (0x02d12a23) sw      a3, 52(sp)
core   0: 0x80000434 (0x02e12c23) sw      a4, 56(sp)
core   0: 0x80000438 (0x02f12e23) sw      a5, 60(sp)
core   0: 0x8000043c (0x05012023) sw      a6, 64(sp)
core   0: 0x80000440 (0x05112223) sw      a7, 68(sp)
core   0: 0x80000444 (0x05212423) sw      s2, 72(sp)
core   0: 0x80000448 (0x05312623) sw      s3, 76(sp)
core   0: 0x8000044c (0x05412823) sw      s4, 80(sp)
core   0: 0x80000450 (0x05512a23) sw      s5, 84(sp)
core   0: 0x80000454 (0x05612c23) sw      s6, 88(sp)
core   0: 0x80000458 (0x05712e23) sw      s7, 92(sp)
core   0: 0x8000045c (0x07812023) sw      s8, 96(sp)
core   0: 0x80000460 (0x07912223) sw      s9, 100(sp)
core   0: 0x80000464 (0x07a12423) sw      s10, 104(sp)
core   0: 0x80000468 (0x07b12623) sw      s11, 108(sp)
core   0: 0x8000046c (0x07c12823) sw      t3, 112(sp)
core   0: 0x80000470 (0x07d12a23) sw      t4, 116(sp)
core   0: 0x80000474 (0x07e12c23) sw      t5, 120(sp)
core   0: 0x80000478 (0x07f12e23) sw      t6, 124(sp)
core   0: 0x8000047c (0x30002573) csrr    a0, mstatus
core   0: 0x80000480 (0x34102573) csrr    a0, mepc
core   0: 0x80000484 (0x30502573) csrr    a0, mtvec
core   0: 0x80000488 (0x34202573) csrr    a0, mcause
core   0: 0x8000048c (0x00000613) li      a2, 0
core   0: 0x80000490 (0x00c50863) beq     a0, a2, pc + 16
core   0: 0x80000494 (0x00100613) li      a2, 1
core   0: 0x80000498 (0x00c50463) beq     a0, a2, pc + 8
core   0: 0x8000049c (0x341025f3) csrr    a1, mepc
core   0: 0x800004a0 (0x00059603) lh      a2, 0(a1)
core   0: 0x800004a4 (0x00367613) andi    a2, a2, 3
core   0: 0x800004a8 (0x00300293) li      t0, 3
core   0: 0x800004ac (0x00561663) bne     a2, t0, pc + 12
core   0: 0x800004b0 (0x00458593) addi    a1, a1, 4
core   0: 0x800004b4 (0x00000463) beqz    zero, pc + 8
core   0: 0x800004bc (0x34159073) csrw    mepc, a1
core   0: 0x800004c0 (0x00412083) lw      ra, 4(sp)
core   0: 0x800004c4 (0x00c12183) lw      gp, 12(sp)
core   0: 0x800004c8 (0x01012203) lw      tp, 16(sp)
core   0: 0x800004cc (0x01412283) lw      t0, 20(sp)
core   0: 0x800004d0 (0x01812303) lw      t1, 24(sp)
core   0: 0x800004d4 (0x01c12383) lw      t2, 28(sp)
core   0: 0x800004d8 (0x02012403) lw      s0, 32(sp)
core   0: 0x800004dc (0x02412483) lw      s1, 36(sp)
core   0: 0x800004e0 (0x02812503) lw      a0, 40(sp)
core   0: 0x800004e4 (0x02c12583) lw      a1, 44(sp)
core   0: 0x800004e8 (0x03012603) lw      a2, 48(sp)
core   0: 0x800004ec (0x03412683) lw      a3, 52(sp)
core   0: 0x800004f0 (0x03812703) lw      a4, 56(sp)
core   0: 0x800004f4 (0x03c12783) lw      a5, 60(sp)
core   0: 0x800004f8 (0x04012803) lw      a6, 64(sp)
core   0: 0x800004fc (0x04412883) lw      a7, 68(sp)
core   0: 0x80000500 (0x04812903) lw      s2, 72(sp)
core   0: 0x80000504 (0x04c12983) lw      s3, 76(sp)
core   0: 0x80000508 (0x05012a03) lw      s4, 80(sp)
core   0: 0x8000050c (0x05412a83) lw      s5, 84(sp)
core   0: 0x80000510 (0x05812b03) lw      s6, 88(sp)
core   0: 0x80000514 (0x05c12b83) lw      s7, 92(sp)
core   0: 0x80000518 (0x06012c03) lw      s8, 96(sp)
core   0: 0x8000051c (0x06412c83) lw      s9, 100(sp)
core   0: 0x80000520 (0x06812d03) lw      s10, 104(sp)
core   0: 0x80000524 (0x06c12d83) lw      s11, 108(sp)
core   0: 0x80000528 (0x07012e03) lw      t3, 112(sp)
core   0: 0x8000052c (0x07412e83) lw      t4, 116(sp)
core   0: 0x80000530 (0x07812f03) lw      t5, 120(sp)
core   0: 0x80000534 (0x07c12f83) lw      t6, 124(sp)
core   0: 0x80000538 (0x0a010113) addi    sp, sp, 160
core   0: 0x8000053c (0x30200073) mret
core   0: >>>>  $x
core   0: 0x80000960 (0x5a114803) lbu     a6, 1441(sp)
core   0: 0x80000964 (0x6d012483) lw      s1, 1744(sp)
core   0: 0x80000968 (0x98710803) lb      a6, -1657(sp)
core   0: 0x8000096c (0xe8210283) lb      t0, -382(sp)
core   0: 0x80000970 (0x0c912423) sw      s1, 200(sp)
core   0: 0x80000974 (0xa9e11883) lh      a7, -1378(sp)
core   0: 0x80000978 (0x00c00d13) li      s10, 12
core   0: 0x8000097c (0x001c8c93) addi    s9, s9, 1
core   0: 0x80000980 (0x0008f117) auipc   sp, 0x8f
core   0: 0x80000984 (0x68010113) addi    sp, sp, 1664
core   0: 0x80000988 (0x0000a337) lui     t1, 0xa
core   0: 0x8000098c (0x89030313) addi    t1, t1, -1904
core   0: 0x80000990 (0x00610133) add     sp, sp, t1
core   0: 0x80000994 (0x0000100f) fence.i
core   0: 0x80000998 (0x015c2fb3) slt     t6, s8, s5
core   0: 0x8000099c (0x98411403) lh      s0, -1660(sp)
core   0: 0x800009a0 (0x0000100f) fence.i
core   0: 0x800009a4 (0x0000100f) fence.i
core   0: 0x800009a8 (0x0094a833) slt     a6, s1, s1
core   0: 0x800009ac (0x13f12e23) sw      t6, 316(sp)
core   0: 0x800009b0 (0x00000033) add     zero, zero, zero
core   0: 0x800009b4 (0xfbacc2e3) blt     s9, s10, pc - 92
core   0: 0x800009b8 (0x00000033) add     zero, zero, zero
core   0: 0x800009bc (0x0000100f) fence.i
core   0: 0x800009c0 (0x415ed493) srai    s1, t4, 21
core   0: 0x800009c4 (0x00f7e8b3) or      a7, a5, a5
core   0: 0x800009c8 (0x0104f833) and     a6, s1, a6
core   0: 0x800009cc (0x018ed833) srl     a6, t4, s8
core   0: 0x800009d0 (0x01182033) slt     zero, a6, a7
core   0: 0x800009d4 (0x0098a4b3) slt     s1, a7, s1
core   0: 0x800009d8 (0x00a00c93) li      s9, 10
core   0: 0x800009dc (0x00100193) li      gp, 1
core   0: 0x800009e0 (0x000fff17) auipc   t5, 0xff
core   0: 0x800009e4 (0x623f2023) sw      gp, 1568(t5)
core   0: 0x800009e8 (0x0000100f) fence.i
core   0: 0x800009ec (0x00020fb7) lui     t6, 0x20
core   0: 0x800009f0 (0x0008ff17) auipc   t5, 0x8f
core   0: 0x800009f4 (0x610f0f13) addi    t5, t5, 1552
core   0: 0x800009f8 (0x01efa023) sw      t5, 0(t6)
core   0: exception trap_store_access_fault, epc 0x800009f8
core   0:           tval 0x00020000
